synertone/build/outputs/logs/manifest-merger-debug-report.txt
-- Merging decision tree log ---
manifest
ADDED from src\main\AndroidManifest.xml:2:1-586:12
INJECTED from src\main\AndroidManifest.xml:2:1-586:12
INJECTED from src\main\AndroidManifest.xml:2:1-586:12
INJECTED from src\main\AndroidManifest.xml:2:1-586:12
MERGED from [:initActivity] AndroidManifest.xml:2:1-24:12
MERGED from [:ripplelayoutmaster] AndroidManifest.xml:2:1-17:12
MERGED from [:slidingmenu_library] AndroidManifest.xml:2:1-11:12
MERGED from [:pullToRefreshLibrary] AndroidManifest.xml:2:1-17:12
MERGED from [:common-util] AndroidManifest.xml:2:1-11:12
MERGED from [com.android.support:design:22.2.1] AndroidManifest.xml:17:1-24:12
MERGED from [com.github.ithedan:CustomViewBgUi:v1.0] AndroidManifest.xml:2:1-17:12
MERGED from [com.android.support:appcompat-v7:22.2.1] AndroidManifest.xml:17:1-24:12
MERGED from [com.android.support.constraint:constraint-layout:1.1.2] AndroidManifest.xml:2:1-11:12
MERGED from [com.jakewharton:butterknife:8.5.1] AndroidManifest.xml:2:1-7:12
MERGED from [me.yokeyword:fragmentation:1.3.6] AndroidManifest.xml:2:1-11:12
MERGED from [com.github.CymChad:BaseRecyclerViewAdapterHelper:2.9.41] AndroidManifest.xml:2:1-11:12
MERGED from [com.github.huangyanbin:SmartTable:2.2.0] AndroidManifest.xml:2:1-11:12
MERGED from [me.codeboy.android:align-text-view:2.3.2] AndroidManifest.xml:2:1-12:12
MERGED from [com.android.support:recyclerview-v7:25.1.0] AndroidManifest.xml:17:1-22:12
MERGED from [com.android.support:support-v4:25.1.0] AndroidManifest.xml:17:1-27:12
MERGED from [com.android.support:support-fragment:25.1.0] AndroidManifest.xml:17:1-27:12
MERGED from [com.android.support:support-core-ui:25.1.0] AndroidManifest.xml:17:1-27:12
MERGED from [com.android.support:support-media-compat:25.1.0] AndroidManifest.xml:17:1-27:12
MERGED from [com.android.support:support-core-utils:25.1.0] AndroidManifest.xml:17:1-27:12
MERGED from [com.android.support:support-compat:25.1.0] AndroidManifest.xml:17:1-27:12
MERGED from [me.yokeyword:fragmentation-core:1.3.6] AndroidManifest.xml:2:1-11:12
INJECTED from src\main\AndroidManifest.xml:2:1-586:12
INJECTED from src\main\AndroidManifest.xml:2:1-586:12
INJECTED from src\main\AndroidManifest.xml:2:1-586:12
	package
		ADDED from src\main\AndroidManifest.xml:4:5-41
		INJECTED from src\main\AndroidManifest.xml
		INJECTED from src\main\AndroidManifest.xml
	android:versionName
		INJECTED from src\main\AndroidManifest.xml
		ADDED from src\main\AndroidManifest.xml:2:1-586:12
		INJECTED from src\main\AndroidManifest.xml
	xmlns:tools
		ADDED from src\main\AndroidManifest.xml:3:5-51
	android:versionCode
		INJECTED from src\main\AndroidManifest.xml
		ADDED from src\main\AndroidManifest.xml:2:1-586:12
		INJECTED from src\main\AndroidManifest.xml
	xmlns:android
		ADDED from src\main\AndroidManifest.xml:2:11-69
supports-screens
ADDED from src\main\AndroidManifest.xml:5:5-10:40
	android:largeScreens
		ADDED from src\main\AndroidManifest.xml:7:9-36
	android:smallScreens
		ADDED from src\main\AndroidManifest.xml:9:9-36
	android:normalScreens
		ADDED from src\main\AndroidManifest.xml:8:9-37
	android:xlargeScreens
		ADDED from src\main\AndroidManifest.xml:10:9-37
	android:anyDensity
		ADDED from src\main\AndroidManifest.xml:6:9-34
uses-permission#android.permission.INTERNET
ADDED from src\main\AndroidManifest.xml:12:5-67
MERGED from [:initActivity] AndroidManifest.xml:12:5-67
MERGED from [:initActivity] AndroidManifest.xml:12:5-67
	android:name
		ADDED from src\main\AndroidManifest.xml:12:22-64
uses-permission#android.permission.ACCESS_WIFI_STATE
ADDED from src\main\AndroidManifest.xml:13:5-76
	android:name
		ADDED from src\main\AndroidManifest.xml:13:22-73
uses-permission#android.permission.MOUNT_UNMOUNT_FILESYSTEMS
ADDED from src\main\AndroidManifest.xml:14:5-84
	android:name
		ADDED from src\main\AndroidManifest.xml:14:22-81
uses-permission#android.permission.WRITE_EXTERNAL_STORAGE
ADDED from src\main\AndroidManifest.xml:15:5-81
	android:name
		ADDED from src\main\AndroidManifest.xml:15:22-78
uses-permission#android.permission.RECORD_AUDIO
ADDED from src\main\AndroidManifest.xml:16:5-71
	android:name
		ADDED from src\main\AndroidManifest.xml:16:22-68
uses-permission#android.permission.CHANGE_WIFI_STATE
ADDED from src\main\AndroidManifest.xml:17:5-76
	android:name
		ADDED from src\main\AndroidManifest.xml:17:22-73
uses-permission#android.permission.CAMERA
ADDED from src\main\AndroidManifest.xml:18:5-65
	android:name
		ADDED from src\main\AndroidManifest.xml:18:22-62
uses-permission#android.permission.WRITE_SETTINGS
ADDED from src\main\AndroidManifest.xml:19:5-73
	android:name
		ADDED from src\main\AndroidManifest.xml:19:22-70
uses-permission#android.permission.FLASHLIGHT
ADDED from src\main\AndroidManifest.xml:20:5-69
	android:name
		ADDED from src\main\AndroidManifest.xml:20:22-66
uses-permission#android.permission.CHANGE_NETWORK_STATE
ADDED from src\main\AndroidManifest.xml:21:5-79
	android:name
		ADDED from src\main\AndroidManifest.xml:21:22-76
uses-permission#android.permission.INTERACT_ACROSS_USERS_FULL
ADDED from src\main\AndroidManifest.xml:22:5-85
	android:name
		ADDED from src\main\AndroidManifest.xml:22:22-82
uses-permission#android.permission.READ_LOGS
ADDED from src\main\AndroidManifest.xml:23:5-68
	android:name
		ADDED from src\main\AndroidManifest.xml:23:22-65
uses-permission#com.android.launcher.permission.READ_SETTINGS
ADDED from src\main\AndroidManifest.xml:24:5-85
	android:name
		ADDED from src\main\AndroidManifest.xml:24:22-82
uses-permission#android.permission.GET_TASKS
ADDED from src\main\AndroidManifest.xml:25:5-68
	android:name
		ADDED from src\main\AndroidManifest.xml:25:22-65
uses-permission#android.permission.LOCATION_HARDWARE
ADDED from src\main\AndroidManifest.xml:26:5-76
	android:name
		ADDED from src\main\AndroidManifest.xml:26:22-73
uses-permission#android.permission.ACCESS_LOCATION_EXTRA_COMMANDS
ADDED from src\main\AndroidManifest.xml:27:5-89
	android:name
		ADDED from src\main\AndroidManifest.xml:27:22-86
uses-permission#android.permission.ACCESS_COARSE_LOCATION
ADDED from src\main\AndroidManifest.xml:28:5-81
	android:name
		ADDED from src\main\AndroidManifest.xml:28:22-78
uses-permission#android.permission.ACCESS_FINE_LOCATION
ADDED from src\main\AndroidManifest.xml:29:5-79
	android:name
		ADDED from src\main\AndroidManifest.xml:29:22-76
uses-permission#android.permission.READ_CONTACTS
ADDED from src\main\AndroidManifest.xml:31:5-72
	android:name
		ADDED from src\main\AndroidManifest.xml:31:22-69
uses-permission#android.permission.WRITE_CONTACTS
ADDED from src\main\AndroidManifest.xml:32:5-73
	android:name
		ADDED from src\main\AndroidManifest.xml:32:22-70
uses-permission#android.permission.CALL_PHONE
ADDED from src\main\AndroidManifest.xml:34:5-69
	android:name
		ADDED from src\main\AndroidManifest.xml:34:22-66
uses-permission#android.permission.READ_CALL_LOG
ADDED from src\main\AndroidManifest.xml:36:5-72
	android:name
		ADDED from src\main\AndroidManifest.xml:36:22-69
uses-permission#android.permission.WRITE_CALL_LOG
ADDED from src\main\AndroidManifest.xml:37:5-73
	android:name
		ADDED from src\main\AndroidManifest.xml:37:22-70
uses-permission#android.permission.READ_EXTERNAL_STORAGE
ADDED from src\main\AndroidManifest.xml:38:5-80
	android:name
		ADDED from src\main\AndroidManifest.xml:38:22-77
uses-permission#android.permission.WRITE_SMS
ADDED from src\main\AndroidManifest.xml:39:5-68
	android:name
		ADDED from src\main\AndroidManifest.xml:39:22-65
uses-permission#android.permission.GET_ACCOUNTS
ADDED from src\main\AndroidManifest.xml:40:5-71
	android:name
		ADDED from src\main\AndroidManifest.xml:40:22-68
uses-permission#android.permission.READ_PROFILE
ADDED from src\main\AndroidManifest.xml:41:5-71
	android:name
		ADDED from src\main\AndroidManifest.xml:41:22-68
uses-permission#android.permission.READ_PHONE_STATE
ADDED from src\main\AndroidManifest.xml:43:5-75
	android:name
		ADDED from src\main\AndroidManifest.xml:43:22-72
uses-permission#android.permission.ACCESS_NETWORK_STATE
ADDED from src\main\AndroidManifest.xml:44:5-79
MERGED from [:initActivity] AndroidManifest.xml:13:5-79
MERGED from [:initActivity] AndroidManifest.xml:13:5-79
	android:name
		ADDED from src\main\AndroidManifest.xml:44:22-76
uses-permission#android.permission.DISABLE_KEYGUARD
ADDED from src\main\AndroidManifest.xml:46:5-75
	android:name
		ADDED from src\main\AndroidManifest.xml:46:22-72
uses-permission#android.permission.MODIFY_AUDIO_SETTINGS
ADDED from src\main\AndroidManifest.xml:47:5-80
	android:name
		ADDED from src\main\AndroidManifest.xml:47:22-77
uses-permission#android.permission.WAKE_LOCK
ADDED from src\main\AndroidManifest.xml:49:5-68
MERGED from [:initActivity] AndroidManifest.xml:11:5-68
MERGED from [:initActivity] AndroidManifest.xml:11:5-68
	android:name
		ADDED from src\main\AndroidManifest.xml:49:22-65
uses-permission#android.permission.VIBRATE
ADDED from src\main\AndroidManifest.xml:50:5-66
	android:name
		ADDED from src\main\AndroidManifest.xml:50:22-63
uses-permission#android.permission.WRITE_MEDIA_STORAGE
ADDED from src\main\AndroidManifest.xml:52:5-78
	android:name
		ADDED from src\main\AndroidManifest.xml:52:22-75
uses-feature#android.hardware.camera
ADDED from src\main\AndroidManifest.xml:54:5-60
	android:name
		ADDED from src\main\AndroidManifest.xml:54:19-57
uses-feature#android.hardware.camera.autofocus
ADDED from src\main\AndroidManifest.xml:55:5-70
	android:name
		ADDED from src\main\AndroidManifest.xml:55:19-67
application
ADDED from src\main\AndroidManifest.xml:57:5-584:19
MERGED from [:initActivity] AndroidManifest.xml:15:5-22:19
MERGED from [:initActivity] AndroidManifest.xml:15:5-22:19
MERGED from [:ripplelayoutmaster] AndroidManifest.xml:11:5-15:19
MERGED from [:ripplelayoutmaster] AndroidManifest.xml:11:5-15:19
MERGED from [:pullToRefreshLibrary] AndroidManifest.xml:11:5-15:19
MERGED from [:pullToRefreshLibrary] AndroidManifest.xml:11:5-15:19
MERGED from [com.android.support:design:22.2.1] AndroidManifest.xml:22:5-20
MERGED from [com.android.support:design:22.2.1] AndroidManifest.xml:22:5-20
MERGED from [com.github.ithedan:CustomViewBgUi:v1.0] AndroidManifest.xml:11:5-15:19
MERGED from [com.github.ithedan:CustomViewBgUi:v1.0] AndroidManifest.xml:11:5-15:19
MERGED from [com.android.support:appcompat-v7:22.2.1] AndroidManifest.xml:22:5-20
MERGED from [com.android.support:appcompat-v7:22.2.1] AndroidManifest.xml:22:5-20
MERGED from [com.android.support.constraint:constraint-layout:1.1.2] AndroidManifest.xml:9:5-20
MERGED from [com.android.support.constraint:constraint-layout:1.1.2] AndroidManifest.xml:9:5-20
MERGED from [me.yokeyword:fragmentation:1.3.6] AndroidManifest.xml:9:5-20
MERGED from [me.yokeyword:fragmentation:1.3.6] AndroidManifest.xml:9:5-20
MERGED from [com.android.support:support-v4:25.1.0] AndroidManifest.xml:25:5-20
MERGED from [com.android.support:support-v4:25.1.0] AndroidManifest.xml:25:5-20
MERGED from [com.android.support:support-fragment:25.1.0] AndroidManifest.xml:25:5-20
MERGED from [com.android.support:support-fragment:25.1.0] AndroidManifest.xml:25:5-20
MERGED from [com.android.support:support-core-ui:25.1.0] AndroidManifest.xml:25:5-20
MERGED from [com.android.support:support-core-ui:25.1.0] AndroidManifest.xml:25:5-20
MERGED from [com.android.support:support-media-compat:25.1.0] AndroidManifest.xml:25:5-20
MERGED from [com.android.support:support-media-compat:25.1.0] AndroidManifest.xml:25:5-20
MERGED from [com.android.support:support-core-utils:25.1.0] AndroidManifest.xml:25:5-20
MERGED from [com.android.support:support-core-utils:25.1.0] AndroidManifest.xml:25:5-20
MERGED from [com.android.support:support-compat:25.1.0] AndroidManifest.xml:25:5-20
MERGED from [com.android.support:support-compat:25.1.0] AndroidManifest.xml:25:5-20
MERGED from [me.yokeyword:fragmentation-core:1.3.6] AndroidManifest.xml:9:5-20
MERGED from [me.yokeyword:fragmentation-core:1.3.6] AndroidManifest.xml:9:5-20
	android:screenOrientation
		ADDED from src\main\AndroidManifest.xml:62:9-43
	android:supportsRtl
		ADDED from [com.github.ithedan:CustomViewBgUi:v1.0] AndroidManifest.xml:14:9-35
	android:label
		ADDED from src\main\AndroidManifest.xml:61:9-41
	android:configChanges
		ADDED from src\main\AndroidManifest.xml:59:9-109
	android:allowBackup
		ADDED from [:ripplelayoutmaster] AndroidManifest.xml:12:9-35
	android:icon
		ADDED from src\main\AndroidManifest.xml:60:9-42
		REJECTED from [:ripplelayoutmaster] AndroidManifest.xml:13:9-45
		REJECTED from [:pullToRefreshLibrary] AndroidManifest.xml:13:9-45
	android:theme
		ADDED from src\main\AndroidManifest.xml:63:9-44
	tools:replace
		ADDED from src\main\AndroidManifest.xml:64:9-50
	android:name
		ADDED from src\main\AndroidManifest.xml:58:9-54
activity#com.my51c.see51.app.LoginActivity
ADDED from src\main\AndroidManifest.xml:67:9-72:67
	android:label
		ADDED from src\main\AndroidManifest.xml:70:13-45
	android:launchMode
		ADDED from src\main\AndroidManifest.xml:71:13-42
	android:windowSoftInputMode
		ADDED from src\main\AndroidManifest.xml:72:13-64
	android:configChanges
		ADDED from src\main\AndroidManifest.xml:69:13-113
	android:name
		ADDED from src\main\AndroidManifest.xml:68:13-61
activity#io.vov.vitamio.activity.InitActivity
ADDED from src\main\AndroidManifest.xml:73:9-78:15
MERGED from [:initActivity] AndroidManifest.xml:16:9-21:63
MERGED from [:initActivity] AndroidManifest.xml:16:9-21:63
	android:launchMode
		ADDED from src\main\AndroidManifest.xml:76:13-43
	android:windowSoftInputMode
		ADDED from src\main\AndroidManifest.xml:77:13-60
	android:configChanges
		ADDED from src\main\AndroidManifest.xml:75:13-113
	android:theme
		ADDED from [:initActivity] AndroidManifest.xml:20:13-60
	android:name
		ADDED from src\main\AndroidManifest.xml:74:13-64
activity#com.my51c.see51.ui.MainActivity
ADDED from src\main\AndroidManifest.xml:80:9-92:20
	android:label
		ADDED from src\main\AndroidManifest.xml:83:13-45
	android:launchMode
		ADDED from src\main\AndroidManifest.xml:84:13-42
	android:configChanges
		ADDED from src\main\AndroidManifest.xml:82:13-113
	android:name
		ADDED from src\main\AndroidManifest.xml:81:13-59
activity#com.my51c.see51.BaseActivity
ADDED from src\main\AndroidManifest.xml:93:9-96:15
	android:configChanges
		ADDED from src\main\AndroidManifest.xml:95:13-113
	android:name
		ADDED from src\main\AndroidManifest.xml:94:13-56
activity#com.my51c.see51.ui.PlayerActivity
ADDED from src\main\AndroidManifest.xml:97:9-102:68
	android:launchMode
		ADDED from src\main\AndroidManifest.xml:100:13-42
	android:windowSoftInputMode
		ADDED from src\main\AndroidManifest.xml:102:13-65
	android:permission
		ADDED from src\main\AndroidManifest.xml:101:13-75
	android:configChanges
		ADDED from src\main\AndroidManifest.xml:99:13-113
	android:name
		ADDED from src\main\AndroidManifest.xml:98:13-61
activity#com.my51c.see51.ui.FourPlayerActivity
ADDED from src\main\AndroidManifest.xml:103:9-108:72
	android:launchMode
		ADDED from src\main\AndroidManifest.xml:106:13-42
	android:windowSoftInputMode
		ADDED from src\main\AndroidManifest.xml:108:13-69
	android:permission
		ADDED from src\main\AndroidManifest.xml:107:13-75
	android:configChanges
		ADDED from src\main\AndroidManifest.xml:105:13-113
	android:name
		ADDED from src\main\AndroidManifest.xml:104:13-65
activity#com.my51c.see51.guide.GuidSmartId
ADDED from src\main\AndroidManifest.xml:109:9-113:14
	android:launchMode
		ADDED from src\main\AndroidManifest.xml:112:13-44
	android:configChanges
		ADDED from src\main\AndroidManifest.xml:111:13-113
	android:name
		ADDED from src\main\AndroidManifest.xml:110:13-61
activity#com.my51c.see51.guide.GuidAddByWifi
ADDED from src\main\AndroidManifest.xml:114:9-117:14
	android:configChanges
		ADDED from src\main\AndroidManifest.xml:116:13-113
	android:name
		ADDED from src\main\AndroidManifest.xml:115:13-63
activity#com.my51c.see51.ui.LocalSettingActivity
ADDED from src\main\AndroidManifest.xml:118:9-122:14
	android:launchMode
		ADDED from src\main\AndroidManifest.xml:121:13-42
	android:configChanges
		ADDED from src\main\AndroidManifest.xml:120:13-113
	android:name
		ADDED from src\main\AndroidManifest.xml:119:13-67
activity#com.my51c.see51.ui.ActionAlarmActivity
ADDED from src\main\AndroidManifest.xml:123:9-127:15
	android:launchMode
		ADDED from src\main\AndroidManifest.xml:126:13-44
	android:configChanges
		ADDED from src\main\AndroidManifest.xml:125:13-113
	android:name
		ADDED from src\main\AndroidManifest.xml:124:13-66
activity#com.my51c.see51.guide.Guide
ADDED from src\main\AndroidManifest.xml:128:9-131:47
	android:launchMode
		ADDED from src\main\AndroidManifest.xml:131:13-44
	android:configChanges
		ADDED from src\main\AndroidManifest.xml:130:13-113
	android:name
		ADDED from src\main\AndroidManifest.xml:129:13-55
activity#com.my51c.see51.guide.Login
ADDED from src\main\AndroidManifest.xml:132:9-135:47
	android:launchMode
		ADDED from src\main\AndroidManifest.xml:135:13-44
	android:configChanges
		ADDED from src\main\AndroidManifest.xml:134:13-113
	android:name
		ADDED from src\main\AndroidManifest.xml:133:13-55
activity#com.my51c.see51.guide.PlatformActivity
ADDED from src\main\AndroidManifest.xml:136:9-140:14
	android:launchMode
		ADDED from src\main\AndroidManifest.xml:139:13-44
	android:configChanges
		ADDED from src\main\AndroidManifest.xml:138:13-113
	android:name
		ADDED from src\main\AndroidManifest.xml:137:13-66
activity#com.my51c.see51.guide.DeviceIdActivity
ADDED from src\main\AndroidManifest.xml:141:9-145:63
	android:launchMode
		ADDED from src\main\AndroidManifest.xml:144:13-44
	android:windowSoftInputMode
		ADDED from src\main\AndroidManifest.xml:145:13-60
	android:configChanges
		ADDED from src\main\AndroidManifest.xml:143:13-113
	android:name
		ADDED from src\main\AndroidManifest.xml:142:13-66
activity#com.my51c.see51.guide.GuideSetActivity
ADDED from src\main\AndroidManifest.xml:146:9-150:63
	android:launchMode
		ADDED from src\main\AndroidManifest.xml:149:13-44
	android:windowSoftInputMode
		ADDED from src\main\AndroidManifest.xml:150:13-60
	android:configChanges
		ADDED from src\main\AndroidManifest.xml:148:13-113
	android:name
		ADDED from src\main\AndroidManifest.xml:147:13-66
activity#com.my51c.see51.guide.DimensionActivity
ADDED from src\main\AndroidManifest.xml:151:9-155:63
	android:launchMode
		ADDED from src\main\AndroidManifest.xml:154:13-44
	android:windowSoftInputMode
		ADDED from src\main\AndroidManifest.xml:155:13-60
	android:configChanges
		ADDED from src\main\AndroidManifest.xml:153:13-113
	android:name
		ADDED from src\main\AndroidManifest.xml:152:13-67
activity#com.my51c.see51.ui.DeviceInfoActivity
ADDED from src\main\AndroidManifest.xml:156:9-159:9
	android:configChanges
		ADDED from src\main\AndroidManifest.xml:158:13-113
	android:name
		ADDED from src\main\AndroidManifest.xml:157:13-65
activity#com.my51c.see51.ui.RFDeviceInfoActivity
ADDED from src\main\AndroidManifest.xml:160:9-163:14
	android:configChanges
		ADDED from src\main\AndroidManifest.xml:162:13-113
	android:name
		ADDED from src\main\AndroidManifest.xml:161:13-67
activity#com.my51c.see51.guide.GuidePrepareActivity
ADDED from src\main\AndroidManifest.xml:164:9-167:13
	android:configChanges
		ADDED from src\main\AndroidManifest.xml:166:13-113
	android:name
		ADDED from src\main\AndroidManifest.xml:165:13-70
activity#com.my51c.see51.guide.CustWifiDialog
ADDED from src\main\AndroidManifest.xml:168:9-171:15
	android:configChanges
		ADDED from src\main\AndroidManifest.xml:170:13-113
	android:name
		ADDED from src\main\AndroidManifest.xml:169:13-64
activity#com.my51c.see51.guide.GuideSmartWifi
ADDED from src\main\AndroidManifest.xml:172:9-175:15
	android:configChanges
		ADDED from src\main\AndroidManifest.xml:174:13-113
	android:name
		ADDED from src\main\AndroidManifest.xml:173:13-64
activity#com.my51c.see51.guide.GuideSmartSound
ADDED from src\main\AndroidManifest.xml:176:9-179:15
	android:configChanges
		ADDED from src\main\AndroidManifest.xml:178:13-113
	android:name
		ADDED from src\main\AndroidManifest.xml:177:13-65
activity#com.my51c.see51.ui.SDRecordFolderActivity
ADDED from src\main\AndroidManifest.xml:180:9-183:14
	android:configChanges
		ADDED from src\main\AndroidManifest.xml:182:13-113
	android:name
		ADDED from src\main\AndroidManifest.xml:181:13-69
activity#com.my51c.see51.ui.SDRecordFileActivity
ADDED from src\main\AndroidManifest.xml:184:9-187:15
	android:configChanges
		ADDED from src\main\AndroidManifest.xml:186:13-113
	android:name
		ADDED from src\main\AndroidManifest.xml:185:13-67
activity#com.my51c.see51.ui.SDCalendarActivity
ADDED from src\main\AndroidManifest.xml:188:9-191:14
	android:configChanges
		ADDED from src\main\AndroidManifest.xml:190:13-113
	android:name
		ADDED from src\main\AndroidManifest.xml:189:13-65
activity#com.my51c.see51.ui.CloudRecordActivity
ADDED from src\main\AndroidManifest.xml:192:9-195:15
	android:configChanges
		ADDED from src\main\AndroidManifest.xml:194:13-113
	android:name
		ADDED from src\main\AndroidManifest.xml:193:13-66
activity#com.my51c.see51.ui.RfDeviceAddActivity
ADDED from src\main\AndroidManifest.xml:196:9-200:16
	android:launchMode
		ADDED from src\main\AndroidManifest.xml:199:13-44
	android:configChanges
		ADDED from src\main\AndroidManifest.xml:198:13-113
	android:name
		ADDED from src\main\AndroidManifest.xml:197:13-66
activity#com.my51c.see51.ui.AboutActivity
ADDED from src\main\AndroidManifest.xml:201:9-205:16
	android:launchMode
		ADDED from src\main\AndroidManifest.xml:204:13-44
	android:configChanges
		ADDED from src\main\AndroidManifest.xml:203:13-113
	android:name
		ADDED from src\main\AndroidManifest.xml:202:13-60
activity#com.my51c.see51.ui.BLPDetailActivity
ADDED from src\main\AndroidManifest.xml:206:9-209:16
	android:configChanges
		ADDED from src\main\AndroidManifest.xml:208:13-113
	android:name
		ADDED from src\main\AndroidManifest.xml:207:13-64
activity#org.achartengine.GraphicalActivity
ADDED from src\main\AndroidManifest.xml:222:9-224:116
	android:configChanges
		ADDED from src\main\AndroidManifest.xml:224:13-113
	android:name
		ADDED from src\main\AndroidManifest.xml:223:13-62
activity#com.my51c.see51.ui.LocalFileAcy
ADDED from src\main\AndroidManifest.xml:225:9-228:15
	android:configChanges
		ADDED from src\main\AndroidManifest.xml:227:13-113
	android:name
		ADDED from src\main\AndroidManifest.xml:226:13-59
activity#com.my51c.see51.ui.LocalPicVideoAcy
ADDED from src\main\AndroidManifest.xml:229:9-232:14
	android:configChanges
		ADDED from src\main\AndroidManifest.xml:231:13-113
	android:name
		ADDED from src\main\AndroidManifest.xml:230:13-63
activity#com.my51c.see51.ui.LocalDevListAcy
ADDED from src\main\AndroidManifest.xml:233:9-236:15
	android:configChanges
		ADDED from src\main\AndroidManifest.xml:235:13-113
	android:name
		ADDED from src\main\AndroidManifest.xml:234:13-62
activity#com.my51c.see51.ui.GeneralInfoAcy
ADDED from src\main\AndroidManifest.xml:237:9-240:15
	android:configChanges
		ADDED from src\main\AndroidManifest.xml:239:13-113
	android:name
		ADDED from src\main\AndroidManifest.xml:238:13-61
activity#com.my51c.see51.ui.WiredSettingAcy
ADDED from src\main\AndroidManifest.xml:241:9-244:14
	android:configChanges
		ADDED from src\main\AndroidManifest.xml:243:13-113
	android:name
		ADDED from src\main\AndroidManifest.xml:242:13-62
activity#com.my51c.see51.ui.WirelessSettingAcy
ADDED from src\main\AndroidManifest.xml:245:9-247:16
	android:name
		ADDED from src\main\AndroidManifest.xml:246:13-65
activity#com.my51c.see51.ui.Net3GSettingAcy
ADDED from src\main\AndroidManifest.xml:248:9-251:16
	android:configChanges
		ADDED from src\main\AndroidManifest.xml:250:13-113
	android:name
		ADDED from src\main\AndroidManifest.xml:249:13-62
activity#com.my51c.see51.ui.AVSettingAcy
ADDED from src\main\AndroidManifest.xml:252:9-255:16
	android:configChanges
		ADDED from src\main\AndroidManifest.xml:254:13-113
	android:name
		ADDED from src\main\AndroidManifest.xml:253:13-59
activity#com.my51c.see51.ui.AlarmCloudRecordAcy
ADDED from src\main\AndroidManifest.xml:256:9-259:15
	android:configChanges
		ADDED from src\main\AndroidManifest.xml:258:13-113
	android:name
		ADDED from src\main\AndroidManifest.xml:257:13-66
activity#com.my51c.see51.ui.PlayAcy
ADDED from src\main\AndroidManifest.xml:260:9-263:12
	android:configChanges
		ADDED from src\main\AndroidManifest.xml:262:13-113
	android:name
		ADDED from src\main\AndroidManifest.xml:261:13-54
service#com.baidu.location.f
ADDED from src\main\AndroidManifest.xml:265:9-268:41
	android:process
		ADDED from src\main\AndroidManifest.xml:268:13-38
	android:enabled
		ADDED from src\main\AndroidManifest.xml:267:13-35
	android:name
		ADDED from src\main\AndroidManifest.xml:266:13-48
meta-data#com.baidu.lbsapi.API_KEY
ADDED from src\main\AndroidManifest.xml:270:9-272:64
	android:value
		ADDED from src\main\AndroidManifest.xml:272:13-61
	android:name
		ADDED from src\main\AndroidManifest.xml:271:13-52
activity#com.my51c.see51.map.CameraLocation
ADDED from src\main\AndroidManifest.xml:274:9-277:15
	android:configChanges
		ADDED from src\main\AndroidManifest.xml:276:13-113
	android:name
		ADDED from src\main\AndroidManifest.xml:275:13-62
activity#com.my51c.see51.ui.SDRecordNVRActivity
ADDED from src\main\AndroidManifest.xml:278:9-281:13
	android:configChanges
		ADDED from src\main\AndroidManifest.xml:280:13-113
	android:name
		ADDED from src\main\AndroidManifest.xml:279:13-66
activity#com.my51c.see51.ui.PlanOfRecordActivity
ADDED from src\main\AndroidManifest.xml:284:9-287:14
	android:configChanges
		ADDED from src\main\AndroidManifest.xml:286:13-113
	android:name
		ADDED from src\main\AndroidManifest.xml:285:13-67
activity#com.my51c.see51.ui.NewPlanOfRecordActivity
ADDED from src\main\AndroidManifest.xml:288:9-291:16
	android:configChanges
		ADDED from src\main\AndroidManifest.xml:290:13-113
	android:name
		ADDED from src\main\AndroidManifest.xml:289:13-70
activity#com.my51c.see51.app.HomeActivity
ADDED from src\main\AndroidManifest.xml:297:9-299:14
	android:name
		ADDED from src\main\AndroidManifest.xml:298:13-60
activity#com.my51c.see51.app.NetSetActivity
ADDED from src\main\AndroidManifest.xml:300:9-303:67
	android:windowSoftInputMode
		ADDED from src\main\AndroidManifest.xml:303:13-64
	android:configChanges
		ADDED from src\main\AndroidManifest.xml:302:13-113
	android:name
		ADDED from src\main\AndroidManifest.xml:301:13-62
activity#com.my51c.see51.app.OneKeyStarActivity
ADDED from src\main\AndroidManifest.xml:304:9-307:67
	android:windowSoftInputMode
		ADDED from src\main\AndroidManifest.xml:307:13-64
	android:configChanges
		ADDED from src\main\AndroidManifest.xml:306:13-113
	android:name
		ADDED from src\main\AndroidManifest.xml:305:13-66
activity#com.my51c.see51.app.VODActivity
ADDED from src\main\AndroidManifest.xml:308:9-311:14
	android:configChanges
		ADDED from src\main\AndroidManifest.xml:310:13-113
	android:name
		ADDED from src\main\AndroidManifest.xml:309:13-59
activity#com.my51c.see51.app.SplashActivity
ADDED from src\main\AndroidManifest.xml:312:9-322:20
	android:label
		ADDED from src\main\AndroidManifest.xml:315:13-45
	android:configChanges
		ADDED from src\main\AndroidManifest.xml:314:13-113
	android:name
		ADDED from src\main\AndroidManifest.xml:313:13-62
intent-filter#action:name:android.intent.action.MAIN+category:name:android.intent.category.LAUNCHER
ADDED from src\main\AndroidManifest.xml:317:13-321:29
action#android.intent.action.MAIN
ADDED from src\main\AndroidManifest.xml:318:17-69
	android:name
		ADDED from src\main\AndroidManifest.xml:318:25-66
category#android.intent.category.LAUNCHER
ADDED from src\main\AndroidManifest.xml:320:17-77
	android:name
		ADDED from src\main\AndroidManifest.xml:320:27-74
activity#com.my51c.see51.app.WelcomeActivity
ADDED from src\main\AndroidManifest.xml:323:9-326:16
	android:label
		ADDED from src\main\AndroidManifest.xml:325:13-45
	android:name
		ADDED from src\main\AndroidManifest.xml:324:13-63
activity#com.my51c.see51.app.GaoJiAccountActivity
ADDED from src\main\AndroidManifest.xml:327:9-331:14
	android:label
		ADDED from src\main\AndroidManifest.xml:330:13-45
	android:configChanges
		ADDED from src\main\AndroidManifest.xml:329:13-113
	android:name
		ADDED from src\main\AndroidManifest.xml:328:13-68
activity#com.my51c.see51.app.ForgetPasswordActivity
ADDED from src\main\AndroidManifest.xml:332:9-336:14
	android:label
		ADDED from src\main\AndroidManifest.xml:335:13-45
	android:configChanges
		ADDED from src\main\AndroidManifest.xml:334:13-113
	android:name
		ADDED from src\main\AndroidManifest.xml:333:13-70
activity#com.my51c.see51.app.activity.PassActivity
ADDED from src\main\AndroidManifest.xml:337:9-340:14
	android:configChanges
		ADDED from src\main\AndroidManifest.xml:339:13-113
	android:name
		ADDED from src\main\AndroidManifest.xml:338:13-69
activity#com.my51c.see51.app.activity.AcContactsDetails
ADDED from src\main\AndroidManifest.xml:341:9-344:10
	android:configChanges
		ADDED from src\main\AndroidManifest.xml:343:13-113
	android:name
		ADDED from src\main\AndroidManifest.xml:342:13-74
activity#com.my51c.see51.app.CallPersonActivity
ADDED from src\main\AndroidManifest.xml:345:9-348:14
	android:configChanges
		ADDED from src\main\AndroidManifest.xml:347:13-113
	android:name
		ADDED from src\main\AndroidManifest.xml:346:13-66
activity#com.my51c.see51.app.LocationActivity
ADDED from src\main\AndroidManifest.xml:349:9-352:15
	android:configChanges
		ADDED from src\main\AndroidManifest.xml:351:13-113
	android:name
		ADDED from src\main\AndroidManifest.xml:350:13-64
activity#com.my51c.see51.app.DeviceStatusActivity
ADDED from src\main\AndroidManifest.xml:353:9-357:15
	android:launchMode
		ADDED from src\main\AndroidManifest.xml:356:13-44
	android:configChanges
		ADDED from src\main\AndroidManifest.xml:355:13-113
	android:name
		ADDED from src\main\AndroidManifest.xml:354:13-68
activity#com.my51c.see51.app.routbw.FirewallInfoActivity
ADDED from src\main\AndroidManifest.xml:358:9-361:13
	android:configChanges